<?xml version="1.0" encoding="UTF-8"?>
<!-- Generated by org.testng.reporters.JUnitReportReporter -->
<testsuite hostname="HSC-PG02B4N8" failures="0" tests="3" name="testCases.CreateTalent" time="104.513" errors="0" timestamp="2024-11-12T16:57:23 IST" skipped="0">
  <testcase classname="testCases.CreateTalent" name="CreateTalent" time="83.980"/>
  <testcase classname="testCases.CreateTalent" name="EditTalent" time="0.004"/>
  <testcase classname="testCases.CreateTalent" name="SalesforceLogin" time="20.529"/>
</testsuite> <!-- testCases.CreateTalent -->
