<?xml version="1.0" encoding="UTF-8"?>
<!-- Generated by org.testng.reporters.JUnitReportReporter -->
<testsuite hostname="HSC-PG02B4N8" failures="0" tests="3" name="testCases.loadCreateTalent" time="132.070" errors="0" timestamp="2024-11-15T14:17:41 IST" skipped="0">
  <testcase classname="testCases.loadCreateTalent" name="Talentcreation" time="118.546"/>
  <testcase classname="testCases.loadCreateTalent" name="SalesforceLogin" time="2.730"/>
  <testcase classname="testCases.loadCreateTalent" name="EditTalent" time="10.794"/>
</testsuite> <!-- testCases.loadCreateTalent -->
