<?xml version="1.0" encoding="UTF-8"?>
<!-- Generated by org.testng.reporters.JUnitReportReporter -->
<testsuite hostname="HSC-PG02B4N8" failures="0" tests="3" name="testCases.loadCreateTalent" time="131.781" errors="0" timestamp="2024-11-21T13:31:53 IST" skipped="0">
  <testcase classname="testCases.loadCreateTalent" name="EditTalent" time="11.023"/>
  <testcase classname="testCases.loadCreateTalent" name="Talentcreation" time="117.618"/>
  <testcase classname="testCases.loadCreateTalent" name="SalesforceLogin" time="3.140"/>
</testsuite> <!-- testCases.loadCreateTalent -->
